jun 23, 2018 17:52:32 PM PaginaPrincipal solicitado por ip 0:0:0:0:0:0:0:1
jun 23, 2018 17:55:08 PM PaginaPrincipal solicitado por ip 0:0:0:0:0:0:0:1
jun 23, 2018 17:57:46 PM PaginaPrincipal solicitado por ip 0:0:0:0:0:0:0:1
jun 23, 2018 17:58:42 PM PaginaPrincipal solicitado por ip 0:0:0:0:0:0:0:1
jun 23, 2018 18:00:29 PM /DPGraph solicitado por ip 0:0:0:0:0:0:0:1
jun 23, 2018 20:36:10 PM /DPGraph solicitado por ip 0:0:0:0:0:0:0:1
jun 23, 2018 20:44:39 PM /DPGraph solicitado por ip 0:0:0:0:0:0:0:1
jun 23, 2018 20:45:15 PM /DPGraph solicitado por ip 0:0:0:0:0:0:0:1
jun 23, 2018 20:46:10 PM /DPGraph solicitado por ip 0:0:0:0:0:0:0:1
jun 23, 2018 20:47:44 PM /DPGraph solicitado por ip 0:0:0:0:0:0:0:1
jun 23, 2018 20:48:15 PM /DPGraph solicitado por ip 0:0:0:0:0:0:0:1
jun 23, 2018 20:48:56 PM /DPGraph solicitado por ip 0:0:0:0:0:0:0:1
jun 23, 2018 20:51:08 PM /DPGraph solicitado por ip 0:0:0:0:0:0:0:1
jun 23, 2018 21:01:22 PM /DPGraph solicitado por ip 0:0:0:0:0:0:0:1
jun 23, 2018 21:05:12 PM /DPGraph solicitado por ip 0:0:0:0:0:0:0:1
jun 23, 2018 21:08:22 PM /DPGraph solicitado por ip 0:0:0:0:0:0:0:1
jun 23, 2018 21:09:12 PM /DPGraph solicitado por ip 0:0:0:0:0:0:0:1
jun 24, 2018 00:13:12 AM /DPGraph solicitado por ip 0:0:0:0:0:0:0:1
jun 24, 2018 00:13:58 AM /DPGraph solicitado por ip 0:0:0:0:0:0:0:1
jun 24, 2018 00:16:11 AM /DPGraph solicitado por ip 0:0:0:0:0:0:0:1
jun 24, 2018 00:21:45 AM /DPGraph solicitado por ip 0:0:0:0:0:0:0:1
jun 24, 2018 00:29:18 AM /DPGraph solicitado por ip 0:0:0:0:0:0:0:1
jun 24, 2018 00:30:50 AM /DPGraph solicitado por ip 0:0:0:0:0:0:0:1
jun 24, 2018 00:31:03 AM /DPGraph solicitado por ip 0:0:0:0:0:0:0:1
jun 24, 2018 00:35:35 AM /DPGraph solicitado por ip 0:0:0:0:0:0:0:1
jun 24, 2018 00:44:58 AM /DPGraph solicitado por ip 0:0:0:0:0:0:0:1
jun 24, 2018 00:45:59 AM /DPGraph solicitado por ip 0:0:0:0:0:0:0:1
jun 24, 2018 00:46:23 AM /DPGraph solicitado por ip 0:0:0:0:0:0:0:1
jun 24, 2018 00:47:23 AM /DPGraph solicitado por ip 0:0:0:0:0:0:0:1
jun 24, 2018 00:47:54 AM /DPGraph solicitado por ip 0:0:0:0:0:0:0:1
jun 24, 2018 00:52:56 AM /DPGraph solicitado por ip 0:0:0:0:0:0:0:1
jun 24, 2018 02:03:38 AM /DPGraph solicitado por ip 0:0:0:0:0:0:0:1
jun 24, 2018 02:06:58 AM /DPGraph solicitado por ip 192.168.0.159
jun 24, 2018 02:10:10 AM /DPGraph solicitado por ip 0:0:0:0:0:0:0:1
jun 24, 2018 03:08:46 AM /DPGraph solicitado por ip 0:0:0:0:0:0:0:1
jun 24, 2018 03:23:43 AM /DPGraph solicitado por ip 0:0:0:0:0:0:0:1
jun 24, 2018 03:27:40 AM /DPGraph solicitado por ip 0:0:0:0:0:0:0:1
jun 24, 2018 03:27:43 AM /DPGraph solicitado por ip 0:0:0:0:0:0:0:1
jun 24, 2018 03:27:44 AM /DPGraph solicitado por ip 0:0:0:0:0:0:0:1
jun 24, 2018 03:27:45 AM /DPGraph solicitado por ip 0:0:0:0:0:0:0:1
jun 24, 2018 03:27:46 AM /DPGraph solicitado por ip 0:0:0:0:0:0:0:1
jun 24, 2018 03:27:47 AM /DPGraph solicitado por ip 0:0:0:0:0:0:0:1
jun 24, 2018 03:28:16 AM /DPGraph solicitado por ip 192.168.0.161
jun 24, 2018 03:28:19 AM /DPGraph solicitado por ip 192.168.0.161
jun 24, 2018 03:31:37 AM /DPGraph solicitado por ip /0:0:0:0:0:0:0:1:62700
jun 24, 2018 03:31:39 AM /DPGraph solicitado por ip /0:0:0:0:0:0:0:1:62738
jun 24, 2018 03:31:45 AM /DPGraph solicitado por ip /192.168.0.161:35014
jun 24, 2018 03:31:46 AM /DPGraph solicitado por ip /192.168.0.161:35048
jun 27, 2018 00:55:16 AM PaginaPrincipal solicitado por ip 0:0:0:0:0:0:0:1
jun 27, 2018 00:57:13 AM PaginaPrincipal solicitado por ip 0:0:0:0:0:0:0:1
jun 27, 2018 01:03:52 AM PaginaPrincipal solicitado por ip 0:0:0:0:0:0:0:1
jun 27, 2018 01:06:09 AM PaginaPrincipal solicitado por ip 0:0:0:0:0:0:0:1
jun 27, 2018 01:06:12 AM PaginaPrincipal solicitado por ip 0:0:0:0:0:0:0:1
jun 27, 2018 01:06:14 AM PaginaPrincipal solicitado por ip 0:0:0:0:0:0:0:1
jun 27, 2018 01:06:15 AM PaginaPrincipal solicitado por ip 0:0:0:0:0:0:0:1
jun 27, 2018 01:06:16 AM PaginaPrincipal solicitado por ip 0:0:0:0:0:0:0:1
jun 27, 2018 01:06:38 AM PaginaPrincipal solicitado por ip 0:0:0:0:0:0:0:1
jun 27, 2018 01:07:51 AM PaginaPrincipal solicitado por ip 0:0:0:0:0:0:0:1
jun 27, 2018 01:07:53 AM PaginaPrincipal solicitado por ip 0:0:0:0:0:0:0:1
jun 27, 2018 01:08:18 AM PaginaPrincipal solicitado por ip 0:0:0:0:0:0:0:1
jun 27, 2018 01:13:14 AM PaginaPrincipal solicitado por ip 0:0:0:0:0:0:0:1
jun 27, 2018 01:15:19 AM PaginaPrincipal solicitado por ip 0:0:0:0:0:0:0:1
jun 27, 2018 01:20:20 AM PaginaPrincipal solicitado por ip 0:0:0:0:0:0:0:1
jun 27, 2018 01:23:07 AM PaginaPrincipal solicitado por ip 0:0:0:0:0:0:0:1
jun 27, 2018 01:38:10 AM PaginaPrincipal solicitado por ip 0:0:0:0:0:0:0:1
jun 27, 2018 01:42:59 AM PaginaPrincipal solicitado por ip 0:0:0:0:0:0:0:1
jun 27, 2018 01:43:59 AM PaginaPrincipal solicitado por ip 0:0:0:0:0:0:0:1
jun 27, 2018 01:46:05 AM PaginaPrincipal solicitado por ip 0:0:0:0:0:0:0:1
jun 28, 2018 16:18:48 PM PaginaPrincipal solicitado por ip 0:0:0:0:0:0:0:1
jun 28, 2018 16:19:42 PM PaginaPrincipal solicitado por ip 0:0:0:0:0:0:0:1
jun 28, 2018 16:20:50 PM PaginaPrincipal solicitado por ip 0:0:0:0:0:0:0:1
jun 28, 2018 16:23:10 PM PaginaPrincipal solicitado por ip 0:0:0:0:0:0:0:1
jun 28, 2018 16:23:43 PM PaginaPrincipal solicitado por ip 0:0:0:0:0:0:0:1
jun 28, 2018 16:52:17 PM PaginaPrincipal solicitado por ip 0:0:0:0:0:0:0:1
jun 28, 2018 16:52:37 PM PaginaPrincipal solicitado por ip 0:0:0:0:0:0:0:1
jun 28, 2018 16:52:50 PM PaginaPrincipal solicitado por ip 0:0:0:0:0:0:0:1
jun 28, 2018 16:53:09 PM PaginaPrincipal solicitado por ip 0:0:0:0:0:0:0:1
jun 28, 2018 16:53:49 PM PaginaPrincipal solicitado por ip 0:0:0:0:0:0:0:1
jun 28, 2018 16:54:23 PM PaginaPrincipal solicitado por ip 0:0:0:0:0:0:0:1
jun 28, 2018 16:55:41 PM PaginaPrincipal solicitado por ip 0:0:0:0:0:0:0:1
jun 28, 2018 17:08:46 PM PaginaPrincipal solicitado por ip lmlicenses.wip4.adobe.com
jun 28, 2018 17:08:51 PM PaginaPrincipal solicitado por ip 0:0:0:0:0:0:0:1
jun 28, 2018 17:23:43 PM PaginaPrincipal solicitado por ip 0:0:0:0:0:0:0:1
jun 28, 2018 17:24:32 PM PaginaPrincipal solicitado por ip 0:0:0:0:0:0:0:1
jun 28, 2018 17:26:25 PM PaginaPrincipal solicitado por ip 0:0:0:0:0:0:0:1
jun 28, 2018 17:31:42 PM PaginaPrincipal solicitado por ip 0:0:0:0:0:0:0:1
jun 28, 2018 17:32:53 PM PaginaPrincipal solicitado por ip 0:0:0:0:0:0:0:1
jun 28, 2018 17:51:12 PM PaginaPrincipal solicitado por ip 0:0:0:0:0:0:0:1
jun 28, 2018 17:53:02 PM /Fotos solicitado por ip 0:0:0:0:0:0:0:1
jun 28, 2018 18:07:32 PM PaginaPrincipal solicitado por ip 0:0:0:0:0:0:0:1
jun 28, 2018 18:07:36 PM PaginaPrincipal solicitado por ip 0:0:0:0:0:0:0:1
jun 28, 2018 18:08:06 PM PaginaPrincipal solicitado por ip 0:0:0:0:0:0:0:1
jun 28, 2018 18:16:14 PM /Fotos solicitado por ip 0:0:0:0:0:0:0:1
jul 18, 2018 15:44:47 PM PaginaPrincipal solicitado por ip 0:0:0:0:0:0:0:1
jul 18, 2018 15:46:36 PM PaginaPrincipal solicitado por ip 0:0:0:0:0:0:0:1
jul 18, 2018 15:47:28 PM /Fotos solicitado por ip 0:0:0:0:0:0:0:1
jul 18, 2018 15:48:04 PM PaginaPrincipal solicitado por ip 0:0:0:0:0:0:0:1
jul 18, 2018 15:48:46 PM PaginaPrincipal solicitado por ip 0:0:0:0:0:0:0:1
jul 18, 2018 15:48:52 PM /DPGraph solicitado por ip 0:0:0:0:0:0:0:1
